The system is: Linux - 2.6.35-22-generic - i686
Compiling the C compiler identification source file "CMakeCCompilerId.c" succeeded.
Compiler: /home/gcc/4.4.3/bin/arm-linux-gcc 
Build flags: 
Id flags: 

The output was:
0


Compilation of the C compiler identification source "CMakeCCompilerId.c" produced "a.out"

The C compiler identification is GNU, found in "/home/code/doing/cmake/hello_so/build/CMakeFiles/CompilerIdC/a.out"

Compiling the CXX compiler identification source file "CMakeCXXCompilerId.cpp" succeeded.
Compiler: /home/gcc/4.4.3/bin/arm-linux-g++ 
Build flags: 
Id flags: 

The output was:
0
CMakeCXXCompilerId.cpp:79: warning: deprecated conversion from string constant to 'char*'
CMakeCXXCompilerId.cpp:192: warning: deprecated conversion from string constant to 'char*'
CMakeCXXCompilerId.cpp:193: warning: deprecated conversion from string constant to 'char*'


Compilation of the CXX compiler identification source "CMakeCXXCompilerId.cpp" produced "a.out"

The CXX compiler identification is GNU, found in "/home/code/doing/cmake/hello_so/build/CMakeFiles/CompilerIdCXX/a.out"

Determining if the C compiler works passed with the following output:
Change Dir: /home/code/doing/cmake/hello_so/build/CMakeFiles/CMakeTmp

Run Build Command:/usr/bin/make "cmTryCompileExec/fast"
/usr/bin/make -f CMakeFiles/cmTryCompileExec.dir/build.make CMakeFiles/cmTryCompileExec.dir/build
make[1]: 正在进入目录 `/home/code/doing/cmake/hello_so/build/CMakeFiles/CMakeTmp'
/usr/bin/cmake -E cmake_progress_report /home/code/doing/cmake/hello_so/build/CMakeFiles/CMakeTmp/CMakeFiles 1
Building C object CMakeFiles/cmTryCompileExec.dir/testCCompiler.c.o
/home/gcc/4.4.3/bin/arm-linux-gcc    -o CMakeFiles/cmTryCompileExec.dir/testCCompiler.c.o   -c /home/code/doing/cmake/hello_so/build/CMakeFiles/CMakeTmp/testCCompiler.c
Linking C executable cmTryCompileExec
/usr/bin/cmake -E cmake_link_script CMakeFiles/cmTryCompileExec.dir/link.txt --verbose=1
/home/gcc/4.4.3/bin/arm-linux-gcc        CMakeFiles/cmTryCompileExec.dir/testCCompiler.c.o  -o cmTryCompileExec -rdynamic 
make[1]:正在离开目录 `/home/code/doing/cmake/hello_so/build/CMakeFiles/CMakeTmp'


Detecting C compiler ABI info compiled with the following output:
Change Dir: /home/code/doing/cmake/hello_so/build/CMakeFiles/CMakeTmp

Run Build Command:/usr/bin/make "cmTryCompileExec/fast"
/usr/bin/make -f CMakeFiles/cmTryCompileExec.dir/build.make CMakeFiles/cmTryCompileExec.dir/build
make[1]: 正在进入目录 `/home/code/doing/cmake/hello_so/build/CMakeFiles/CMakeTmp'
/usr/bin/cmake -E cmake_progress_report /home/code/doing/cmake/hello_so/build/CMakeFiles/CMakeTmp/CMakeFiles 1
Building C object CMakeFiles/cmTryCompileExec.dir/CMakeCCompilerABI.c.o
/home/gcc/4.4.3/bin/arm-linux-gcc    -o CMakeFiles/cmTryCompileExec.dir/CMakeCCompilerABI.c.o   -c /usr/share/cmake-2.8/Modules/CMakeCCompilerABI.c
Linking C executable cmTryCompileExec
/usr/bin/cmake -E cmake_link_script CMakeFiles/cmTryCompileExec.dir/link.txt --verbose=1
/home/gcc/4.4.3/bin/arm-linux-gcc       -v CMakeFiles/cmTryCompileExec.dir/CMakeCCompilerABI.c.o  -o cmTryCompileExec -rdynamic  
Using built-in specs.
Target: arm-none-linux-gnueabi
Configured with: /opt/FriendlyARM/mini2440/build-toolschain/working/src/gcc-4.4.3/configure --build=i386-build_redhat-linux-gnu --host=i386-build_redhat-linux-gnu --target=arm-none-linux-gnueabi --prefix=/opt/FriendlyARM/toolschain/4.4.3 --with-sysroot=/opt/FriendlyARM/toolschain/4.4.3/arm-none-linux-gnueabi//sys-root --enable-languages=c,c++ --disable-multilib --with-arch=armv4t --with-cpu=arm920t --with-tune=arm920t --with-float=soft --with-pkgversion=ctng-1.6.1 --disable-sjlj-exceptions --enable-__cxa_atexit --with-gmp=/opt/FriendlyARM/toolschain/4.4.3 --with-mpfr=/opt/FriendlyARM/toolschain/4.4.3 --with-ppl=/opt/FriendlyARM/toolschain/4.4.3 --with-cloog=/opt/FriendlyARM/toolschain/4.4.3 --with-mpc=/opt/FriendlyARM/toolschain/4.4.3 --with-local-prefix=/opt/FriendlyARM/toolschain/4.4.3/arm-none-linux-gnueabi//sys-root --disable-nls --enable-threads=posix --enable-symvers=gnu --enable-c99 --enable-long-long --enable-target-optspace
Thread model: posix
gcc version 4.4.3 (ctng-1.6.1) 
COMPILER_PATH=/home/gcc/4.4.3/bin/../libexec/gcc/arm-none-linux-gnueabi/4.4.3/:/home/gcc/4.4.3/bin/../libexec/gcc/:/home/gcc/4.4.3/bin/../lib/gcc/arm-none-linux-gnueabi/4.4.3/../../../../arm-none-linux-gnueabi/bin/
LIBRARY_PATH=/home/gcc/4.4.3/bin/../lib/gcc/arm-none-linux-gnueabi/4.4.3/:/home/gcc/4.4.3/bin/../lib/gcc/:/home/gcc/4.4.3/bin/../lib/gcc/arm-none-linux-gnueabi/4.4.3/../../../../arm-none-linux-gnueabi/lib/:/home/gcc/4.4.3/bin/../arm-none-linux-gnueabi//sys-root/lib/:/home/gcc/4.4.3/bin/../arm-none-linux-gnueabi//sys-root/usr/lib/
COLLECT_GCC_OPTIONS='-v' '-o' 'cmTryCompileExec' '-rdynamic' '-march=armv4t' '-mtune=arm920t' '-mfloat-abi=soft'
 /home/gcc/4.4.3/bin/../libexec/gcc/arm-none-linux-gnueabi/4.4.3/collect2 --sysroot=/home/gcc/4.4.3/bin/../arm-none-linux-gnueabi//sys-root --eh-frame-hdr -export-dynamic -dynamic-linker /lib/ld-linux.so.3 -X -m armelf_linux_eabi -o cmTryCompileExec /home/gcc/4.4.3/bin/../arm-none-linux-gnueabi//sys-root/usr/lib/crt1.o /home/gcc/4.4.3/bin/../arm-none-linux-gnueabi//sys-root/usr/lib/crti.o /home/gcc/4.4.3/bin/../lib/gcc/arm-none-linux-gnueabi/4.4.3/crtbegin.o -L/home/gcc/4.4.3/bin/../lib/gcc/arm-none-linux-gnueabi/4.4.3 -L/home/gcc/4.4.3/bin/../lib/gcc -L/home/gcc/4.4.3/bin/../lib/gcc/arm-none-linux-gnueabi/4.4.3/../../../../arm-none-linux-gnueabi/lib -L/home/gcc/4.4.3/bin/../arm-none-linux-gnueabi//sys-root/lib -L/home/gcc/4.4.3/bin/../arm-none-linux-gnueabi//sys-root/usr/lib CMakeFiles/cmTryCompileExec.dir/CMakeCCompilerABI.c.o -lgcc --as-needed -lgcc_s --no-as-needed -lc -lgcc --as-needed -lgcc_s --no-as-needed /home/gcc/4.4.3/bin/../lib/gcc/arm-none-linux-gnueabi/4.4.3/crtend.o /home/gcc/4.4.3/bin/../arm-none-linux-gnueabi//sys-root/usr/lib/crtn.o
make[1]:正在离开目录 `/home/code/doing/cmake/hello_so/build/CMakeFiles/CMakeTmp'


Parsed C implicit link information from above output:
  link line regex: [^( *|.*[/\])(ld|ld|collect2)[^/\]*( |$)]
  ignore line: [Change Dir: /home/code/doing/cmake/hello_so/build/CMakeFiles/CMakeTmp]
  ignore line: []
  ignore line: [Run Build Command:/usr/bin/make "cmTryCompileExec/fast"]
  ignore line: [/usr/bin/make -f CMakeFiles/cmTryCompileExec.dir/build.make CMakeFiles/cmTryCompileExec.dir/build]
  ignore line: [make[1]: 正在进入目录 `/home/code/doing/cmake/hello_so/build/CMakeFiles/CMakeTmp']
  ignore line: [/usr/bin/cmake -E cmake_progress_report /home/code/doing/cmake/hello_so/build/CMakeFiles/CMakeTmp/CMakeFiles 1]
  ignore line: [Building C object CMakeFiles/cmTryCompileExec.dir/CMakeCCompilerABI.c.o]
  ignore line: [/home/gcc/4.4.3/bin/arm-linux-gcc    -o CMakeFiles/cmTryCompileExec.dir/CMakeCCompilerABI.c.o   -c /usr/share/cmake-2.8/Modules/CMakeCCompilerABI.c]
  ignore line: [Linking C executable cmTryCompileExec]
  ignore line: [/usr/bin/cmake -E cmake_link_script CMakeFiles/cmTryCompileExec.dir/link.txt --verbose=1]
  ignore line: [/home/gcc/4.4.3/bin/arm-linux-gcc       -v CMakeFiles/cmTryCompileExec.dir/CMakeCCompilerABI.c.o  -o cmTryCompileExec -rdynamic  ]
  ignore line: [Using built-in specs.]
  ignore line: [Target: arm-none-linux-gnueabi]
  ignore line: [Configured with: /opt/FriendlyARM/mini2440/build-toolschain/working/src/gcc-4.4.3/configure --build=i386-build_redhat-linux-gnu --host=i386-build_redhat-linux-gnu --target=arm-none-linux-gnueabi --prefix=/opt/FriendlyARM/toolschain/4.4.3 --with-sysroot=/opt/FriendlyARM/toolschain/4.4.3/arm-none-linux-gnueabi//sys-root --enable-languages=c,c++ --disable-multilib --with-arch=armv4t --with-cpu=arm920t --with-tune=arm920t --with-float=soft --with-pkgversion=ctng-1.6.1 --disable-sjlj-exceptions --enable-__cxa_atexit --with-gmp=/opt/FriendlyARM/toolschain/4.4.3 --with-mpfr=/opt/FriendlyARM/toolschain/4.4.3 --with-ppl=/opt/FriendlyARM/toolschain/4.4.3 --with-cloog=/opt/FriendlyARM/toolschain/4.4.3 --with-mpc=/opt/FriendlyARM/toolschain/4.4.3 --with-local-prefix=/opt/FriendlyARM/toolschain/4.4.3/arm-none-linux-gnueabi//sys-root --disable-nls --enable-threads=posix --enable-symvers=gnu --enable-c99 --enable-long-long --enable-target-optspace]
  ignore line: [Thread model: posix]
  ignore line: [gcc version 4.4.3 (ctng-1.6.1) ]
  ignore line: [COMPILER_PATH=/home/gcc/4.4.3/bin/../libexec/gcc/arm-none-linux-gnueabi/4.4.3/:/home/gcc/4.4.3/bin/../libexec/gcc/:/home/gcc/4.4.3/bin/../lib/gcc/arm-none-linux-gnueabi/4.4.3/../../../../arm-none-linux-gnueabi/bin/]
  ignore line: [LIBRARY_PATH=/home/gcc/4.4.3/bin/../lib/gcc/arm-none-linux-gnueabi/4.4.3/:/home/gcc/4.4.3/bin/../lib/gcc/:/home/gcc/4.4.3/bin/../lib/gcc/arm-none-linux-gnueabi/4.4.3/../../../../arm-none-linux-gnueabi/lib/:/home/gcc/4.4.3/bin/../arm-none-linux-gnueabi//sys-root/lib/:/home/gcc/4.4.3/bin/../arm-none-linux-gnueabi//sys-root/usr/lib/]
  ignore line: [COLLECT_GCC_OPTIONS='-v' '-o' 'cmTryCompileExec' '-rdynamic' '-march=armv4t' '-mtune=arm920t' '-mfloat-abi=soft']
  link line: [ /home/gcc/4.4.3/bin/../libexec/gcc/arm-none-linux-gnueabi/4.4.3/collect2 --sysroot=/home/gcc/4.4.3/bin/../arm-none-linux-gnueabi//sys-root --eh-frame-hdr -export-dynamic -dynamic-linker /lib/ld-linux.so.3 -X -m armelf_linux_eabi -o cmTryCompileExec /home/gcc/4.4.3/bin/../arm-none-linux-gnueabi//sys-root/usr/lib/crt1.o /home/gcc/4.4.3/bin/../arm-none-linux-gnueabi//sys-root/usr/lib/crti.o /home/gcc/4.4.3/bin/../lib/gcc/arm-none-linux-gnueabi/4.4.3/crtbegin.o -L/home/gcc/4.4.3/bin/../lib/gcc/arm-none-linux-gnueabi/4.4.3 -L/home/gcc/4.4.3/bin/../lib/gcc -L/home/gcc/4.4.3/bin/../lib/gcc/arm-none-linux-gnueabi/4.4.3/../../../../arm-none-linux-gnueabi/lib -L/home/gcc/4.4.3/bin/../arm-none-linux-gnueabi//sys-root/lib -L/home/gcc/4.4.3/bin/../arm-none-linux-gnueabi//sys-root/usr/lib CMakeFiles/cmTryCompileExec.dir/CMakeCCompilerABI.c.o -lgcc --as-needed -lgcc_s --no-as-needed -lc -lgcc --as-needed -lgcc_s --no-as-needed /home/gcc/4.4.3/bin/../lib/gcc/arm-none-linux-gnueabi/4.4.3/crtend.o /home/gcc/4.4.3/bin/../arm-none-linux-gnueabi//sys-root/usr/lib/crtn.o]
    arg [/home/gcc/4.4.3/bin/../libexec/gcc/arm-none-linux-gnueabi/4.4.3/collect2] ==> ignore
    arg [--sysroot=/home/gcc/4.4.3/bin/../arm-none-linux-gnueabi//sys-root] ==> ignore
    arg [--eh-frame-hdr] ==> ignore
    arg [-export-dynamic] ==> ignore
    arg [-dynamic-linker] ==> ignore
    arg [/lib/ld-linux.so.3] ==> ignore
    arg [-X] ==> ignore
    arg [-m] ==> ignore
    arg [armelf_linux_eabi] ==> ignore
    arg [-o] ==> ignore
    arg [cmTryCompileExec] ==> ignore
    arg [/home/gcc/4.4.3/bin/../arm-none-linux-gnueabi//sys-root/usr/lib/crt1.o] ==> ignore
    arg [/home/gcc/4.4.3/bin/../arm-none-linux-gnueabi//sys-root/usr/lib/crti.o] ==> ignore
    arg [/home/gcc/4.4.3/bin/../lib/gcc/arm-none-linux-gnueabi/4.4.3/crtbegin.o] ==> ignore
    arg [-L/home/gcc/4.4.3/bin/../lib/gcc/arm-none-linux-gnueabi/4.4.3] ==> dir [/home/gcc/4.4.3/bin/../lib/gcc/arm-none-linux-gnueabi/4.4.3]
    arg [-L/home/gcc/4.4.3/bin/../lib/gcc] ==> dir [/home/gcc/4.4.3/bin/../lib/gcc]
    arg [-L/home/gcc/4.4.3/bin/../lib/gcc/arm-none-linux-gnueabi/4.4.3/../../../../arm-none-linux-gnueabi/lib] ==> dir [/home/gcc/4.4.3/bin/../lib/gcc/arm-none-linux-gnueabi/4.4.3/../../../../arm-none-linux-gnueabi/lib]
    arg [-L/home/gcc/4.4.3/bin/../arm-none-linux-gnueabi//sys-root/lib] ==> dir [/home/gcc/4.4.3/bin/../arm-none-linux-gnueabi//sys-root/lib]
    arg [-L/home/gcc/4.4.3/bin/../arm-none-linux-gnueabi//sys-root/usr/lib] ==> dir [/home/gcc/4.4.3/bin/../arm-none-linux-gnueabi//sys-root/usr/lib]
    arg [CMakeFiles/cmTryCompileExec.dir/CMakeCCompilerABI.c.o] ==> ignore
    arg [-lgcc] ==> lib [gcc]
    arg [--as-needed] ==> ignore
    arg [-lgcc_s] ==> lib [gcc_s]
    arg [--no-as-needed] ==> ignore
    arg [-lc] ==> lib [c]
    arg [-lgcc] ==> lib [gcc]
    arg [--as-needed] ==> ignore
    arg [-lgcc_s] ==> lib [gcc_s]
    arg [--no-as-needed] ==> ignore
    arg [/home/gcc/4.4.3/bin/../lib/gcc/arm-none-linux-gnueabi/4.4.3/crtend.o] ==> ignore
    arg [/home/gcc/4.4.3/bin/../arm-none-linux-gnueabi//sys-root/usr/lib/crtn.o] ==> ignore
  remove lib [gcc]
  remove lib [gcc_s]
  remove lib [gcc]
  remove lib [gcc_s]
  collapse dir [/home/gcc/4.4.3/bin/../lib/gcc/arm-none-linux-gnueabi/4.4.3] ==> [/home/gcc/4.4.3/lib/gcc/arm-none-linux-gnueabi/4.4.3]
  collapse dir [/home/gcc/4.4.3/bin/../lib/gcc] ==> [/home/gcc/4.4.3/lib/gcc]
  collapse dir [/home/gcc/4.4.3/bin/../lib/gcc/arm-none-linux-gnueabi/4.4.3/../../../../arm-none-linux-gnueabi/lib] ==> [/home/gcc/4.4.3/arm-none-linux-gnueabi/lib]
  collapse dir [/home/gcc/4.4.3/bin/../arm-none-linux-gnueabi//sys-root/lib] ==> [/home/gcc/4.4.3/arm-none-linux-gnueabi/sys-root/lib]
  collapse dir [/home/gcc/4.4.3/bin/../arm-none-linux-gnueabi//sys-root/usr/lib] ==> [/home/gcc/4.4.3/arm-none-linux-gnueabi/sys-root/usr/lib]
  implicit libs: [c]
  implicit dirs: [/home/gcc/4.4.3/lib/gcc/arm-none-linux-gnueabi/4.4.3;/home/gcc/4.4.3/lib/gcc;/home/gcc/4.4.3/arm-none-linux-gnueabi/lib;/home/gcc/4.4.3/arm-none-linux-gnueabi/sys-root/lib;/home/gcc/4.4.3/arm-none-linux-gnueabi/sys-root/usr/lib]


Determining if the CXX compiler works passed with the following output:
Change Dir: /home/code/doing/cmake/hello_so/build/CMakeFiles/CMakeTmp

Run Build Command:/usr/bin/make "cmTryCompileExec/fast"
/usr/bin/make -f CMakeFiles/cmTryCompileExec.dir/build.make CMakeFiles/cmTryCompileExec.dir/build
make[1]: 正在进入目录 `/home/code/doing/cmake/hello_so/build/CMakeFiles/CMakeTmp'
/usr/bin/cmake -E cmake_progress_report /home/code/doing/cmake/hello_so/build/CMakeFiles/CMakeTmp/CMakeFiles 1
Building CXX object CMakeFiles/cmTryCompileExec.dir/testCXXCompiler.cxx.o
/home/gcc/4.4.3/bin/arm-linux-g++     -o CMakeFiles/cmTryCompileExec.dir/testCXXCompiler.cxx.o -c /home/code/doing/cmake/hello_so/build/CMakeFiles/CMakeTmp/testCXXCompiler.cxx
Linking CXX executable cmTryCompileExec
/usr/bin/cmake -E cmake_link_script CMakeFiles/cmTryCompileExec.dir/link.txt --verbose=1
/home/gcc/4.4.3/bin/arm-linux-g++         CMakeFiles/cmTryCompileExec.dir/testCXXCompiler.cxx.o  -o cmTryCompileExec -rdynamic 
make[1]:正在离开目录 `/home/code/doing/cmake/hello_so/build/CMakeFiles/CMakeTmp'


Detecting CXX compiler ABI info compiled with the following output:
Change Dir: /home/code/doing/cmake/hello_so/build/CMakeFiles/CMakeTmp

Run Build Command:/usr/bin/make "cmTryCompileExec/fast"
/usr/bin/make -f CMakeFiles/cmTryCompileExec.dir/build.make CMakeFiles/cmTryCompileExec.dir/build
make[1]: 正在进入目录 `/home/code/doing/cmake/hello_so/build/CMakeFiles/CMakeTmp'
/usr/bin/cmake -E cmake_progress_report /home/code/doing/cmake/hello_so/build/CMakeFiles/CMakeTmp/CMakeFiles 1
Building CXX object CMakeFiles/cmTryCompileExec.dir/CMakeCXXCompilerABI.cpp.o
/home/gcc/4.4.3/bin/arm-linux-g++     -o CMakeFiles/cmTryCompileExec.dir/CMakeCXXCompilerABI.cpp.o -c /usr/share/cmake-2.8/Modules/CMakeCXXCompilerABI.cpp
Linking CXX executable cmTryCompileExec
/usr/bin/cmake -E cmake_link_script CMakeFiles/cmTryCompileExec.dir/link.txt --verbose=1
/home/gcc/4.4.3/bin/arm-linux-g++        -v CMakeFiles/cmTryCompileExec.dir/CMakeCXXCompilerABI.cpp.o  -o cmTryCompileExec -rdynamic  
Using built-in specs.
Target: arm-none-linux-gnueabi
Configured with: /opt/FriendlyARM/mini2440/build-toolschain/working/src/gcc-4.4.3/configure --build=i386-build_redhat-linux-gnu --host=i386-build_redhat-linux-gnu --target=arm-none-linux-gnueabi --prefix=/opt/FriendlyARM/toolschain/4.4.3 --with-sysroot=/opt/FriendlyARM/toolschain/4.4.3/arm-none-linux-gnueabi//sys-root --enable-languages=c,c++ --disable-multilib --with-arch=armv4t --with-cpu=arm920t --with-tune=arm920t --with-float=soft --with-pkgversion=ctng-1.6.1 --disable-sjlj-exceptions --enable-__cxa_atexit --with-gmp=/opt/FriendlyARM/toolschain/4.4.3 --with-mpfr=/opt/FriendlyARM/toolschain/4.4.3 --with-ppl=/opt/FriendlyARM/toolschain/4.4.3 --with-cloog=/opt/FriendlyARM/toolschain/4.4.3 --with-mpc=/opt/FriendlyARM/toolschain/4.4.3 --with-local-prefix=/opt/FriendlyARM/toolschain/4.4.3/arm-none-linux-gnueabi//sys-root --disable-nls --enable-threads=posix --enable-symvers=gnu --enable-c99 --enable-long-long --enable-target-optspace
Thread model: posix
gcc version 4.4.3 (ctng-1.6.1) 
COMPILER_PATH=/home/gcc/4.4.3/bin/../libexec/gcc/arm-none-linux-gnueabi/4.4.3/:/home/gcc/4.4.3/bin/../libexec/gcc/:/home/gcc/4.4.3/bin/../lib/gcc/arm-none-linux-gnueabi/4.4.3/../../../../arm-none-linux-gnueabi/bin/
LIBRARY_PATH=/home/gcc/4.4.3/bin/../lib/gcc/arm-none-linux-gnueabi/4.4.3/:/home/gcc/4.4.3/bin/../lib/gcc/:/home/gcc/4.4.3/bin/../lib/gcc/arm-none-linux-gnueabi/4.4.3/../../../../arm-none-linux-gnueabi/lib/:/home/gcc/4.4.3/bin/../arm-none-linux-gnueabi//sys-root/lib/:/home/gcc/4.4.3/bin/../arm-none-linux-gnueabi//sys-root/usr/lib/
COLLECT_GCC_OPTIONS='-v' '-o' 'cmTryCompileExec' '-rdynamic' '-shared-libgcc' '-march=armv4t' '-mtune=arm920t' '-mfloat-abi=soft'
 /home/gcc/4.4.3/bin/../libexec/gcc/arm-none-linux-gnueabi/4.4.3/collect2 --sysroot=/home/gcc/4.4.3/bin/../arm-none-linux-gnueabi//sys-root --eh-frame-hdr -export-dynamic -dynamic-linker /lib/ld-linux.so.3 -X -m armelf_linux_eabi -o cmTryCompileExec /home/gcc/4.4.3/bin/../arm-none-linux-gnueabi//sys-root/usr/lib/crt1.o /home/gcc/4.4.3/bin/../arm-none-linux-gnueabi//sys-root/usr/lib/crti.o /home/gcc/4.4.3/bin/../lib/gcc/arm-none-linux-gnueabi/4.4.3/crtbegin.o -L/home/gcc/4.4.3/bin/../lib/gcc/arm-none-linux-gnueabi/4.4.3 -L/home/gcc/4.4.3/bin/../lib/gcc -L/home/gcc/4.4.3/bin/../lib/gcc/arm-none-linux-gnueabi/4.4.3/../../../../arm-none-linux-gnueabi/lib -L/home/gcc/4.4.3/bin/../arm-none-linux-gnueabi//sys-root/lib -L/home/gcc/4.4.3/bin/../arm-none-linux-gnueabi//sys-root/usr/lib CMakeFiles/cmTryCompileExec.dir/CMakeCXXCompilerABI.cpp.o -lstdc++ -lm -lgcc_s -lgcc -lc -lgcc_s -lgcc /home/gcc/4.4.3/bin/../lib/gcc/arm-none-linux-gnueabi/4.4.3/crtend.o /home/gcc/4.4.3/bin/../arm-none-linux-gnueabi//sys-root/usr/lib/crtn.o
make[1]:正在离开目录 `/home/code/doing/cmake/hello_so/build/CMakeFiles/CMakeTmp'


Parsed CXX implicit link information from above output:
  link line regex: [^( *|.*[/\])(ld|ld|collect2)[^/\]*( |$)]
  ignore line: [Change Dir: /home/code/doing/cmake/hello_so/build/CMakeFiles/CMakeTmp]
  ignore line: []
  ignore line: [Run Build Command:/usr/bin/make "cmTryCompileExec/fast"]
  ignore line: [/usr/bin/make -f CMakeFiles/cmTryCompileExec.dir/build.make CMakeFiles/cmTryCompileExec.dir/build]
  ignore line: [make[1]: 正在进入目录 `/home/code/doing/cmake/hello_so/build/CMakeFiles/CMakeTmp']
  ignore line: [/usr/bin/cmake -E cmake_progress_report /home/code/doing/cmake/hello_so/build/CMakeFiles/CMakeTmp/CMakeFiles 1]
  ignore line: [Building CXX object CMakeFiles/cmTryCompileExec.dir/CMakeCXXCompilerABI.cpp.o]
  ignore line: [/home/gcc/4.4.3/bin/arm-linux-g++     -o CMakeFiles/cmTryCompileExec.dir/CMakeCXXCompilerABI.cpp.o -c /usr/share/cmake-2.8/Modules/CMakeCXXCompilerABI.cpp]
  ignore line: [Linking CXX executable cmTryCompileExec]
  ignore line: [/usr/bin/cmake -E cmake_link_script CMakeFiles/cmTryCompileExec.dir/link.txt --verbose=1]
  ignore line: [/home/gcc/4.4.3/bin/arm-linux-g++        -v CMakeFiles/cmTryCompileExec.dir/CMakeCXXCompilerABI.cpp.o  -o cmTryCompileExec -rdynamic  ]
  ignore line: [Using built-in specs.]
  ignore line: [Target: arm-none-linux-gnueabi]
  ignore line: [Configured with: /opt/FriendlyARM/mini2440/build-toolschain/working/src/gcc-4.4.3/configure --build=i386-build_redhat-linux-gnu --host=i386-build_redhat-linux-gnu --target=arm-none-linux-gnueabi --prefix=/opt/FriendlyARM/toolschain/4.4.3 --with-sysroot=/opt/FriendlyARM/toolschain/4.4.3/arm-none-linux-gnueabi//sys-root --enable-languages=c,c++ --disable-multilib --with-arch=armv4t --with-cpu=arm920t --with-tune=arm920t --with-float=soft --with-pkgversion=ctng-1.6.1 --disable-sjlj-exceptions --enable-__cxa_atexit --with-gmp=/opt/FriendlyARM/toolschain/4.4.3 --with-mpfr=/opt/FriendlyARM/toolschain/4.4.3 --with-ppl=/opt/FriendlyARM/toolschain/4.4.3 --with-cloog=/opt/FriendlyARM/toolschain/4.4.3 --with-mpc=/opt/FriendlyARM/toolschain/4.4.3 --with-local-prefix=/opt/FriendlyARM/toolschain/4.4.3/arm-none-linux-gnueabi//sys-root --disable-nls --enable-threads=posix --enable-symvers=gnu --enable-c99 --enable-long-long --enable-target-optspace]
  ignore line: [Thread model: posix]
  ignore line: [gcc version 4.4.3 (ctng-1.6.1) ]
  ignore line: [COMPILER_PATH=/home/gcc/4.4.3/bin/../libexec/gcc/arm-none-linux-gnueabi/4.4.3/:/home/gcc/4.4.3/bin/../libexec/gcc/:/home/gcc/4.4.3/bin/../lib/gcc/arm-none-linux-gnueabi/4.4.3/../../../../arm-none-linux-gnueabi/bin/]
  ignore line: [LIBRARY_PATH=/home/gcc/4.4.3/bin/../lib/gcc/arm-none-linux-gnueabi/4.4.3/:/home/gcc/4.4.3/bin/../lib/gcc/:/home/gcc/4.4.3/bin/../lib/gcc/arm-none-linux-gnueabi/4.4.3/../../../../arm-none-linux-gnueabi/lib/:/home/gcc/4.4.3/bin/../arm-none-linux-gnueabi//sys-root/lib/:/home/gcc/4.4.3/bin/../arm-none-linux-gnueabi//sys-root/usr/lib/]
  ignore line: [COLLECT_GCC_OPTIONS='-v' '-o' 'cmTryCompileExec' '-rdynamic' '-shared-libgcc' '-march=armv4t' '-mtune=arm920t' '-mfloat-abi=soft']
  link line: [ /home/gcc/4.4.3/bin/../libexec/gcc/arm-none-linux-gnueabi/4.4.3/collect2 --sysroot=/home/gcc/4.4.3/bin/../arm-none-linux-gnueabi//sys-root --eh-frame-hdr -export-dynamic -dynamic-linker /lib/ld-linux.so.3 -X -m armelf_linux_eabi -o cmTryCompileExec /home/gcc/4.4.3/bin/../arm-none-linux-gnueabi//sys-root/usr/lib/crt1.o /home/gcc/4.4.3/bin/../arm-none-linux-gnueabi//sys-root/usr/lib/crti.o /home/gcc/4.4.3/bin/../lib/gcc/arm-none-linux-gnueabi/4.4.3/crtbegin.o -L/home/gcc/4.4.3/bin/../lib/gcc/arm-none-linux-gnueabi/4.4.3 -L/home/gcc/4.4.3/bin/../lib/gcc -L/home/gcc/4.4.3/bin/../lib/gcc/arm-none-linux-gnueabi/4.4.3/../../../../arm-none-linux-gnueabi/lib -L/home/gcc/4.4.3/bin/../arm-none-linux-gnueabi//sys-root/lib -L/home/gcc/4.4.3/bin/../arm-none-linux-gnueabi//sys-root/usr/lib CMakeFiles/cmTryCompileExec.dir/CMakeCXXCompilerABI.cpp.o -lstdc++ -lm -lgcc_s -lgcc -lc -lgcc_s -lgcc /home/gcc/4.4.3/bin/../lib/gcc/arm-none-linux-gnueabi/4.4.3/crtend.o /home/gcc/4.4.3/bin/../arm-none-linux-gnueabi//sys-root/usr/lib/crtn.o]
    arg [/home/gcc/4.4.3/bin/../libexec/gcc/arm-none-linux-gnueabi/4.4.3/collect2] ==> ignore
    arg [--sysroot=/home/gcc/4.4.3/bin/../arm-none-linux-gnueabi//sys-root] ==> ignore
    arg [--eh-frame-hdr] ==> ignore
    arg [-export-dynamic] ==> ignore
    arg [-dynamic-linker] ==> ignore
    arg [/lib/ld-linux.so.3] ==> ignore
    arg [-X] ==> ignore
    arg [-m] ==> ignore
    arg [armelf_linux_eabi] ==> ignore
    arg [-o] ==> ignore
    arg [cmTryCompileExec] ==> ignore
    arg [/home/gcc/4.4.3/bin/../arm-none-linux-gnueabi//sys-root/usr/lib/crt1.o] ==> ignore
    arg [/home/gcc/4.4.3/bin/../arm-none-linux-gnueabi//sys-root/usr/lib/crti.o] ==> ignore
    arg [/home/gcc/4.4.3/bin/../lib/gcc/arm-none-linux-gnueabi/4.4.3/crtbegin.o] ==> ignore
    arg [-L/home/gcc/4.4.3/bin/../lib/gcc/arm-none-linux-gnueabi/4.4.3] ==> dir [/home/gcc/4.4.3/bin/../lib/gcc/arm-none-linux-gnueabi/4.4.3]
    arg [-L/home/gcc/4.4.3/bin/../lib/gcc] ==> dir [/home/gcc/4.4.3/bin/../lib/gcc]
    arg [-L/home/gcc/4.4.3/bin/../lib/gcc/arm-none-linux-gnueabi/4.4.3/../../../../arm-none-linux-gnueabi/lib] ==> dir [/home/gcc/4.4.3/bin/../lib/gcc/arm-none-linux-gnueabi/4.4.3/../../../../arm-none-linux-gnueabi/lib]
    arg [-L/home/gcc/4.4.3/bin/../arm-none-linux-gnueabi//sys-root/lib] ==> dir [/home/gcc/4.4.3/bin/../arm-none-linux-gnueabi//sys-root/lib]
    arg [-L/home/gcc/4.4.3/bin/../arm-none-linux-gnueabi//sys-root/usr/lib] ==> dir [/home/gcc/4.4.3/bin/../arm-none-linux-gnueabi//sys-root/usr/lib]
    arg [CMakeFiles/cmTryCompileExec.dir/CMakeCXXCompilerABI.cpp.o] ==> ignore
    arg [-lstdc++] ==> lib [stdc++]
    arg [-lm] ==> lib [m]
    arg [-lgcc_s] ==> lib [gcc_s]
    arg [-lgcc] ==> lib [gcc]
    arg [-lc] ==> lib [c]
    arg [-lgcc_s] ==> lib [gcc_s]
    arg [-lgcc] ==> lib [gcc]
    arg [/home/gcc/4.4.3/bin/../lib/gcc/arm-none-linux-gnueabi/4.4.3/crtend.o] ==> ignore
    arg [/home/gcc/4.4.3/bin/../arm-none-linux-gnueabi//sys-root/usr/lib/crtn.o] ==> ignore
  remove lib [gcc_s]
  remove lib [gcc]
  remove lib [gcc_s]
  remove lib [gcc]
  collapse dir [/home/gcc/4.4.3/bin/../lib/gcc/arm-none-linux-gnueabi/4.4.3] ==> [/home/gcc/4.4.3/lib/gcc/arm-none-linux-gnueabi/4.4.3]
  collapse dir [/home/gcc/4.4.3/bin/../lib/gcc] ==> [/home/gcc/4.4.3/lib/gcc]
  collapse dir [/home/gcc/4.4.3/bin/../lib/gcc/arm-none-linux-gnueabi/4.4.3/../../../../arm-none-linux-gnueabi/lib] ==> [/home/gcc/4.4.3/arm-none-linux-gnueabi/lib]
  collapse dir [/home/gcc/4.4.3/bin/../arm-none-linux-gnueabi//sys-root/lib] ==> [/home/gcc/4.4.3/arm-none-linux-gnueabi/sys-root/lib]
  collapse dir [/home/gcc/4.4.3/bin/../arm-none-linux-gnueabi//sys-root/usr/lib] ==> [/home/gcc/4.4.3/arm-none-linux-gnueabi/sys-root/usr/lib]
  implicit libs: [stdc++;m;c]
  implicit dirs: [/home/gcc/4.4.3/lib/gcc/arm-none-linux-gnueabi/4.4.3;/home/gcc/4.4.3/lib/gcc;/home/gcc/4.4.3/arm-none-linux-gnueabi/lib;/home/gcc/4.4.3/arm-none-linux-gnueabi/sys-root/lib;/home/gcc/4.4.3/arm-none-linux-gnueabi/sys-root/usr/lib]


